# JRE version: Java(TM) SE Runtime Environment (8.0_251-b08) (build 1.8.0_251-b08)
# Java VM: Java HotSpot(TM) 64-Bit Server VM (25.251-b08 mixed mode windows-amd64 compressed oops)
Heap:
 PSYoungGen      total 151552K, used 134613K [0x000000076b580000, 0x0000000776900000, 0x00000007c0000000)
  eden space 146432K, 88% used [0x000000076b580000,0x0000000773459320,0x0000000774480000)
  from space 5120K, 92% used [0x0000000776400000,0x000000077689c3c0,0x0000000776900000)
  to   space 13824K, 0% used [0x0000000774e00000,0x0000000774e00000,0x0000000775b80000)
 ParOldGen       total 97792K, used 15757K [0x00000006c2000000, 0x00000006c7f80000, 0x000000076b580000)
  object space 97792K, 16% used [0x00000006c2000000,0x00000006c2f63438,0x00000006c7f80000)
 Metaspace       used 44510K, capacity 46946K, committed 47232K, reserved 1089536K
  class space    used 5695K, capacity 6157K, committed 6272K, reserved 1048576K
GC Heap History (10 events):
Event: 2.868 GC heap before
{Heap before GC invocations=6 (full 1):
 PSYoungGen      total 75776K, used 68294K [0x000000076b580000, 0x0000000773200000, 0x00000007c0000000)
  eden space 65024K, 100% used [0x000000076b580000,0x000000076f500000,0x000000076f500000)
  from space 10752K, 30% used [0x000000076ff80000,0x00000007702b1b90,0x0000000770a00000)
  to   space 10752K, 0% used [0x000000076f500000,0x000000076f500000,0x000000076ff80000)
 ParOldGen       total 97792K, used 9173K [0x00000006c2000000, 0x00000006c7f80000, 0x000000076b580000)
  object space 97792K, 9% used [0x00000006c2000000,0x00000006c28f5530,0x00000006c7f80000)
 Metaspace       used 25160K, capacity 26376K, committed 26496K, reserved 1073152K
  class space    used 3173K, capacity 3424K, committed 3456K, reserved 1048576K
Event: 2.870 GC heap after
Heap after GC invocations=6 (full 1):
 PSYoungGen      total 75776K, used 6310K [0x000000076b580000, 0x0000000773400000, 0x00000007c0000000)
  eden space 65024K, 0% used [0x000000076b580000,0x000000076b580000,0x000000076f500000)
  from space 10752K, 58% used [0x000000076f500000,0x000000076fb29820,0x000000076ff80000)
  to   space 12800K, 0% used [0x0000000772780000,0x0000000772780000,0x0000000773400000)
 ParOldGen       total 97792K, used 9181K [0x00000006c2000000, 0x00000006c7f80000, 0x000000076b580000)
  object space 97792K, 9% used [0x00000006c2000000,0x00000006c28f7530,0x00000006c7f80000)
 Metaspace       used 25160K, capacity 26376K, committed 26496K, reserved 1073152K
  class space    used 3173K, capacity 3424K, committed 3456K, reserved 1048576K
}
Event: 3.372 GC heap before
{Heap before GC invocations=7 (full 1):
 PSYoungGen      total 75776K, used 71334K [0x000000076b580000, 0x0000000773400000, 0x00000007c0000000)
  eden space 65024K, 100% used [0x000000076b580000,0x000000076f500000,0x000000076f500000)
  from space 10752K, 58% used [0x000000076f500000,0x000000076fb29820,0x000000076ff80000)
  to   space 12800K, 0% used [0x0000000772780000,0x0000000772780000,0x0000000773400000)
 ParOldGen       total 97792K, used 9181K [0x00000006c2000000, 0x00000006c7f80000, 0x000000076b580000)
  object space 97792K, 9% used [0x00000006c2000000,0x00000006c28f7530,0x00000006c7f80000)
 Metaspace       used 29151K, capacity 30712K, committed 30976K, reserved 1077248K
  class space    used 3738K, capacity 4048K, committed 4096K, reserved 1048576K
Event: 3.377 GC heap after
Heap after GC invocations=7 (full 1):
 PSYoungGen      total 115712K, used 8999K [0x000000076b580000, 0x0000000773380000, 0x00000007c0000000)
  eden space 103424K, 0% used [0x000000076b580000,0x000000076b580000,0x0000000771a80000)
  from space 12288K, 73% used [0x0000000772780000,0x0000000773049db8,0x0000000773380000)
  to   space 12800K, 0% used [0x0000000771a80000,0x0000000771a80000,0x0000000772700000)
 ParOldGen       total 97792K, used 9189K [0x00000006c2000000, 0x00000006c7f80000, 0x000000076b580000)
  object space 97792K, 9% used [0x00000006c2000000,0x00000006c28f9530,0x00000006c7f80000)
 Metaspace       used 29151K, capacity 30712K, committed 30976K, reserved 1077248K
  class space    used 3738K, capacity 4048K, committed 4096K, reserved 1048576K
}
Event: 3.825 GC heap before
{Heap before GC invocations=8 (full 1):
 PSYoungGen      total 115712K, used 63065K [0x000000076b580000, 0x0000000773380000, 0x00000007c0000000)
  eden space 103424K, 52% used [0x000000076b580000,0x000000076ea4c798,0x0000000771a80000)
  from space 12288K, 73% used [0x0000000772780000,0x0000000773049db8,0x0000000773380000)
  to   space 12800K, 0% used [0x0000000771a80000,0x0000000771a80000,0x0000000772700000)
 ParOldGen       total 97792K, used 9189K [0x00000006c2000000, 0x00000006c7f80000, 0x000000076b580000)
  object space 97792K, 9% used [0x00000006c2000000,0x00000006c28f9530,0x00000006c7f80000)
 Metaspace       used 33323K, capacity 35308K, committed 35416K, reserved 1079296K
  class space    used 4397K, capacity 4760K, committed 4864K, reserved 1048576K
Event: 3.832 GC heap after
Heap after GC invocations=8 (full 1):
 PSYoungGen      total 116224K, used 10872K [0x000000076b580000, 0x0000000777180000, 0x00000007c0000000)
  eden space 103424K, 0% used [0x000000076b580000,0x000000076b580000,0x0000000771a80000)
  from space 12800K, 84% used [0x0000000771a80000,0x000000077251e030,0x0000000772700000)
  to   space 13824K, 0% used [0x0000000776400000,0x0000000776400000,0x0000000777180000)
 ParOldGen       total 97792K, used 9197K [0x00000006c2000000, 0x00000006c7f80000, 0x000000076b580000)
  object space 97792K, 9% used [0x00000006c2000000,0x00000006c28fb530,0x00000006c7f80000)
 Metaspace       used 33323K, capacity 35308K, committed 35416K, reserved 1079296K
  class space    used 4397K, capacity 4760K, committed 4864K, reserved 1048576K
}
Event: 3.832 GC heap before
{Heap before GC invocations=9 (full 2):
 PSYoungGen      total 116224K, used 10872K [0x000000076b580000, 0x0000000777180000, 0x00000007c0000000)
  eden space 103424K, 0% used [0x000000076b580000,0x000000076b580000,0x0000000771a80000)
  from space 12800K, 84% used [0x0000000771a80000,0x000000077251e030,0x0000000772700000)
  to   space 13824K, 0% used [0x0000000776400000,0x0000000776400000,0x0000000777180000)
 ParOldGen       total 97792K, used 9197K [0x00000006c2000000, 0x00000006c7f80000, 0x000000076b580000)
  object space 97792K, 9% used [0x00000006c2000000,0x00000006c28fb530,0x00000006c7f80000)
 Metaspace       used 33323K, capacity 35308K, committed 35416K, reserved 1079296K
  class space    used 4397K, capacity 4760K, committed 4864K, reserved 1048576K
Event: 3.867 GC heap after
Heap after GC invocations=9 (full 2):
 PSYoungGen      total 116224K, used 0K [0x000000076b580000, 0x0000000777180000, 0x00000007c0000000)
  eden space 103424K, 0% used [0x000000076b580000,0x000000076b580000,0x0000000771a80000)
  from space 12800K, 0% used [0x0000000771a80000,0x0000000771a80000,0x0000000772700000)
  to   space 13824K, 0% used [0x0000000776400000,0x0000000776400000,0x0000000777180000)
 ParOldGen       total 97792K, used 15749K [0x00000006c2000000, 0x00000006c7f80000, 0x000000076b580000)
  object space 97792K, 16% used [0x00000006c2000000,0x00000006c2f61438,0x00000006c7f80000)
 Metaspace       used 33323K, capacity 35308K, committed 35416K, reserved 1079296K
  class space    used 4397K, capacity 4760K, committed 4864K, reserved 1048576K
}
Event: 4.141 GC heap before
{Heap before GC invocations=10 (full 2):
 PSYoungGen      total 116224K, used 103389K [0x000000076b580000, 0x0000000777180000, 0x00000007c0000000)
  eden space 103424K, 99% used [0x000000076b580000,0x0000000771a77690,0x0000000771a80000)
  from space 12800K, 0% used [0x0000000771a80000,0x0000000771a80000,0x0000000772700000)
  to   space 13824K, 0% used [0x0000000776400000,0x0000000776400000,0x0000000777180000)
 ParOldGen       total 97792K, used 15749K [0x00000006c2000000, 0x00000006c7f80000, 0x000000076b580000)
  object space 97792K, 16% used [0x00000006c2000000,0x00000006c2f61438,0x00000006c7f80000)
 Metaspace       used 34780K, capacity 36854K, committed 36992K, reserved 1081344K
  class space    used 4555K, capacity 4927K, committed 4992K, reserved 1048576K
Event: 4.143 GC heap after
Heap after GC invocations=10 (full 2):
 PSYoungGen      total 151552K, used 4720K [0x000000076b580000, 0x0000000776900000, 0x00000007c0000000)
  eden space 146432K, 0% used [0x000000076b580000,0x000000076b580000,0x0000000774480000)
  from space 5120K, 92% used [0x0000000776400000,0x000000077689c3c0,0x0000000776900000)
  to   space 13824K, 0% used [0x0000000774e00000,0x0000000774e00000,0x0000000775b80000)
 ParOldGen       total 97792K, used 15757K [0x00000006c2000000, 0x00000006c7f80000, 0x000000076b580000)
  object space 97792K, 16% used [0x00000006c2000000,0x00000006c2f63438,0x00000006c7f80000)
 Metaspace       used 34780K, capacity 36854K, committed 36992K, reserved 1081344K
  class space    used 4555K, capacity 4927K, committed 4992K, reserved 1048576K
}

